2023-07-07 07:32:38 info: [0mGET /bitfinex-api/v2/platform/status [32m200[0m 706.391 ms - 3[0m
2023-07-07 07:32:38 info: [0mGET /bitfinex-api/v2/tickers?symbols=ALL [32m200[0m 689.402 ms - -[0m
2023-07-07 07:34:02 info: [0mGET /bitfinex-api/v2/platform/status [32m200[0m 678.964 ms - 3[0m
2023-07-07 07:34:02 info: [0mGET /bitfinex-api/v2/tickers?symbols=ALL [32m200[0m 764.671 ms - -[0m
2023-07-07 07:38:31 info: [0mGET /bitfinex-api/v2/tickers?symbols=ALL [32m200[0m 861.166 ms - -[0m
2023-07-07 07:40:01 info: [0mGET /bitfinex-api/v2/tickers?symbols=ALL [32m200[0m 687.565 ms - -[0m
2023-07-07 07:41:54 info: [0mGET /bitfinex-api/v2/tickers?symbols=ALL [32m200[0m 748.929 ms - -[0m
2023-07-07 07:49:15 info: [0mGET /bitfinex-api/v2/ticker/tBTCUSD [32m200[0m 693.456 ms - -[0m
2023-07-07 08:12:50 info: [0mGET /bitfinex-api/v2/ticker/[object%20Object] [31m500[0m 1015.545 ms - 33[0m
2023-07-07 08:13:46 info: [0mGET /bitfinex-api/v2/ticker/[object%20Object] [31m500[0m 815.571 ms - 33[0m
2023-07-07 09:05:24 info: [0mGET /bitfinex-api/v2/ticker/tBTCUSD [32m200[0m 791.362 ms - -[0m
2023-07-07 09:41:39 info: [0mGET /bitfinex-api/v2/platform/status [32m200[0m 790.206 ms - 3[0m
2023-07-07 10:01:44 info: [0mGET /bitfinex-api/v2/tickers?symbols=ALL [32m200[0m 1590.890 ms - -[0m
2023-07-07 10:33:37 info: [0mGET /bitfinex-api/v2/ticker/tETHUSD [32m200[0m 804.134 ms - -[0m
2023-07-07 10:34:24 info: [0mGET /bitfinex-api/v2/ticker/tETHUSD [32m200[0m 681.446 ms - -[0m
2023-07-07 11:09:43 info: [0mGET /bitfinex-api/v2/ticker/tBTCUSD [32m200[0m 715.517 ms - -[0m
2023-07-07 11:09:43 info: [0mGET /bitfinex-api/v2/platform/status [32m200[0m 743.967 ms - 3[0m
2023-07-07 11:24:15 info: [0mGET /bitfinex-api/v2/ticker/tBTCUSD [31m504[0m 422.083 ms - -[0m
2023-07-07 11:24:15 info: [0mGET /bitfinex-api/v2/platform/status [32m200[0m 951.691 ms - 3[0m
2023-07-07 11:25:02 info: [0mGET /bitfinex-api/v2/ticker/tBTCUSD [32m200[0m 692.593 ms - -[0m
2023-07-07 11:25:02 info: [0mGET /bitfinex-api/v2/platform/status [32m200[0m 711.337 ms - 3[0m
2023-07-07 11:52:24 info: [0mGET /bitfinex-api/v2/ticker/tBTCUSD [32m200[0m 671.973 ms - -[0m
2023-07-07 11:52:24 info: [0mGET /bitfinex-api/v2/platform/status [32m200[0m 705.329 ms - 3[0m
2023-07-07 12:37:23 info: [0mGET /bitfinex-api/v2/ticker/tBTCUSD [32m200[0m 832.422 ms - -[0m
2023-07-07 12:37:23 info: [0mGET /bitfinex-api/v2/platform/status [32m200[0m 861.081 ms - 3[0m
2023-07-07 12:42:19 info: [0mGET /bitfinex-api/v2/ticker/tBTCUSD [32m200[0m 713.823 ms - -[0m
2023-07-07 12:44:27 info: [0mGET /bitfinex-api/v2/ticker/tBTCUSD [32m200[0m 717.502 ms - -[0m
2023-07-07 12:46:18 info: [0mGET /bitfinex-api/v2/platform/status [32m200[0m 693.052 ms - 3[0m
2023-07-07 13:00:01 info: [0mGET /bitfinex-api/v2/platform/status [32m200[0m 918.410 ms - 3[0m
2023-07-07 13:00:01 info: [0mGET /bitfinex-api/v2/ticker/tBTCUSD [32m200[0m 936.440 ms - -[0m
2023-07-07 13:01:30 info: [0mGET /bitfinex-api/v2/platform/status [32m200[0m 731.561 ms - 3[0m
2023-07-07 13:01:30 info: [0mGET /bitfinex-api/v2/ticker/tBTCUSD [32m200[0m 734.596 ms - -[0m
2023-07-07 13:16:51 info: [0mGET /bitfinex-api/v2/ticker/tBTCUSD [31m504[0m 197.287 ms - -[0m
2023-07-07 13:16:52 info: [0mGET /bitfinex-api/v2/platform/status [32m200[0m 721.523 ms - 3[0m
2023-07-07 13:16:56 info: [0mGET /bitfinex-api/v2/ticker/tBTCUSD [32m200[0m 678.755 ms - -[0m
2023-07-07 13:28:50 info: [0mGET /bitfinex-api/v2/ticker/tBTCUSD [32m200[0m 1032.390 ms - -[0m
2023-07-07 13:31:58 info: [0mGET /bitfinex-api/v2/ticker/tBTCUSD [32m200[0m 689.705 ms - -[0m
2023-07-07 13:35:18 info: [0mGET /bitfinex-api/v2/ticker/tBTCUSD [32m200[0m 709.745 ms - -[0m
2023-07-07 13:52:08 info: [0mGET /bitfinex-api/v2/ticker/tBTCUSD [32m200[0m 679.176 ms - -[0m
2023-07-07 13:52:08 info: [0mGET /bitfinex-api/v2/platform/status [32m200[0m 701.992 ms - 3[0m
2023-07-07 13:52:16 info: [0mGET /bitfinex-api/v2/platform/status [32m200[0m 724.267 ms - 3[0m
2023-07-07 13:59:57 info: [0mGET /bitfinex-api/v2/ticker/tBTCUSD [32m200[0m 796.617 ms - -[0m
2023-07-07 13:59:57 info: [0mGET /bitfinex-api/v2/platform/status [32m200[0m 806.559 ms - 3[0m
2023-07-07 14:01:08 info: [0mGET /bitfinex-api/v2/ticker/tBTCUSD [32m200[0m 692.681 ms - -[0m
2023-07-07 14:01:51 info: [0mGET /bitfinex-api/v2/ticker/tBTCUSD [32m200[0m 652.636 ms - -[0m
2023-07-07 14:05:41 info: [0mGET /bitfinex-api/v2/platform/status [32m200[0m 668.788 ms - 3[0m
2023-07-07 14:11:52 info: [0mGET /bitfinex-api/v2/ticker/tBTCUSD [32m200[0m 966.672 ms - -[0m
2023-07-07 14:15:15 info: [0mGET /bitfinex-api/v2/platform/status [32m200[0m 690.320 ms - 3[0m
2023-07-07 14:17:26 info: [0mGET /bitfinex-api/v2/tickers?symbols=ALL [32m200[0m 693.464 ms - -[0m
2023-07-07 14:17:30 info: [0mGET /bitfinex-api/v2/ticker/tBTCUSD [32m200[0m 750.924 ms - -[0m
2023-07-07 14:20:48 info: [0mGET /bitfinex-api/v2/ticker/tBTCUSD [32m200[0m 709.788 ms - -[0m
2023-07-07 14:21:56 info: [0mGET /bitfinex-api/v2/ticker/tBTCUSD [32m200[0m 764.672 ms - -[0m
2023-07-07 14:23:42 info: [0mGET /bitfinex-api/v2/ticker/tBTCUSD [32m200[0m 835.756 ms - -[0m
2023-07-07 14:29:44 info: [0mGET /bitfinex-api/v2/ticker/tBTCUSD [32m200[0m 732.446 ms - -[0m
2023-07-07 14:30:45 info: [0mGET /bitfinex-api/v2/ticker/tBTCUSD [32m200[0m 689.115 ms - -[0m
2023-07-07 14:33:37 info: [0mGET /bitfinex-api/v2/platform/status [32m200[0m 723.190 ms - 3[0m
2023-07-07 14:38:16 info: [0mGET /bitfinex-api/v2/ticker/tBTCUSD [0m-[0m - ms - -[0m
2023-07-07 14:38:19 info: [0mGET /bitfinex-api/v2/ticker/tBTCUSD [32m200[0m 726.831 ms - -[0m
2023-07-07 14:47:16 info: [0mGET /bitfinex-api/v2/platform/status [32m200[0m 1898.390 ms - 3[0m
2023-07-07 14:57:46 info: [0mGET /bitfinex-api/v2/platform/status [32m200[0m 1901.963 ms - 3[0m
2023-07-07 15:13:49 info: [0mGET /bitfinex-api/v2/platform/status [32m200[0m 719.273 ms - 3[0m
2023-07-07 15:23:18 info: [0mGET /bitfinex-api/v2/platform/status [32m200[0m 2097.358 ms - 3[0m
2023-07-07 15:30:05 info: [0mGET /bitfinex-api/v2/platform/status [32m200[0m 699.688 ms - 3[0m
2023-07-07 15:30:48 info: [0mGET /bitfinex-api/v2/platform/status [32m200[0m 652.334 ms - 3[0m
2023-07-07 15:43:03 info: [0mGET /bitfinex-api/v2/platform/status [32m200[0m 835.820 ms - 3[0m
2023-07-07 15:50:08 info: [0mGET /bitfinex-api/v2/platform/status [32m200[0m 773.132 ms - 3[0m
2023-07-07 16:01:56 info: [0mGET /bitfinex-api/v2/platform/status [32m200[0m 2042.235 ms - 3[0m
2023-07-07 16:07:04 info: [0mGET /bitfinex-api/v2/platform/status [32m200[0m 806.721 ms - 3[0m
2023-07-07 16:11:02 info: [0mGET /bitfinex-api/v2/platform/status [32m200[0m 733.143 ms - 3[0m
2023-07-07 16:11:56 info: [0mGET /bitfinex-api/v2/platform/status [32m200[0m 689.534 ms - 3[0m
2023-07-07 16:13:47 info: [0mGET /bitfinex-api/v2/tickers?symbols=ALL [32m200[0m 709.574 ms - -[0m
2023-07-07 16:15:29 info: [0mGET /bitfinex-api/v2/platform/status [32m200[0m 799.442 ms - 3[0m
2023-07-07 16:19:35 info: [0mGET /bitfinex-api/v2/platform/status [32m200[0m 680.157 ms - 3[0m
2023-07-07 16:23:44 info: [0mGET /bitfinex-api/v2/platform/status [32m200[0m 1802.055 ms - 3[0m
2023-07-07 16:25:58 info: [0mGET /bitfinex-api/v2/platform/status [32m200[0m 996.134 ms - 3[0m
2023-07-07 16:41:06 info: [0mGET /bitfinex-api/v2/platform/status [32m200[0m 905.518 ms - 3[0m
2023-07-07 16:51:28 info: [0mGET /bitfinex-api/v2/tickers?symbols=ALL [32m200[0m 821.050 ms - -[0m
2023-07-07 16:51:28 info: [0mGET /bitfinex-api/v2/platform/status [32m200[0m 881.518 ms - 3[0m
2023-07-07 16:55:16 info: [0mGET /bitfinex-api/v2/tickers?symbols=ALL [0m-[0m - ms - -[0m
2023-07-07 16:55:19 info: [0mGET /bitfinex-api/v2/tickers?symbols=ALL [32m200[0m 690.288 ms - -[0m
2023-07-07 16:58:49 info: [0mGET /bitfinex-api/v2/platform/status [32m200[0m 877.061 ms - 3[0m
2023-07-07 17:05:08 info: [0mGET /bitfinex-api/v2/platform/status [32m200[0m 732.611 ms - 3[0m
2023-07-07 17:06:41 info: [0mGET /bitfinex-api/v2/platform/status [32m200[0m 654.399 ms - 3[0m
2023-07-07 17:07:55 info: [0mGET /bitfinex-api/v2/platform/status [32m200[0m 715.128 ms - 3[0m
2023-07-07 17:11:40 info: [0mGET /bitfinex-api/v2/platform/status [32m200[0m 725.846 ms - 3[0m
2023-07-07 17:11:40 info: [0mGET /bitfinex-api/v2/tickers?symbols=ALL [32m200[0m 761.317 ms - -[0m
2023-07-07 17:12:41 info: [0mGET /bitfinex-api/v2/platform/status [32m200[0m 695.261 ms - 3[0m
2023-07-07 17:12:43 info: [0mGET /bitfinex-api/v2/platform/status [32m200[0m 630.830 ms - 3[0m
2023-07-07 17:15:24 info: [0mGET /bitfinex-api/v2/platform/status [32m200[0m 814.762 ms - 3[0m
2023-07-07 17:17:37 info: [0mGET /bitfinex-api/v2/tickers?symbols=ALL [32m200[0m 718.535 ms - -[0m
2023-07-07 17:17:54 info: [0mGET /bitfinex-api/v2/platform/status [32m200[0m 736.029 ms - 3[0m
2023-07-07 17:18:02 info: [0mGET /bitfinex-api/v2/tickers?symbols=ALL [32m200[0m 654.059 ms - -[0m
2023-07-07 17:19:05 info: [0mGET /bitfinex-api/v2/tickers?symbols=ALL [31m504[0m 204.454 ms - -[0m
2023-07-07 17:19:05 info: [0mGET /bitfinex-api/v2/platform/status [32m200[0m 680.229 ms - 3[0m
2023-07-07 17:21:32 info: [0mGET /bitfinex-api/v2/platform/status [32m200[0m 696.511 ms - 3[0m
2023-07-07 17:21:32 info: [0mGET /bitfinex-api/v2/tickers?symbols=ALL [32m200[0m 734.351 ms - -[0m
2023-07-07 17:21:34 info: [0mGET /bitfinex-api/v2/tickers?symbols=ALL [32m200[0m 666.411 ms - -[0m
2023-07-07 17:21:34 info: [0mGET /bitfinex-api/v2/platform/status [32m200[0m 707.175 ms - 3[0m
2023-07-07 17:21:43 info: [0mGET /bitfinex-api/v2/tickers?symbols=ALL [32m200[0m 738.581 ms - -[0m
2023-07-07 17:25:31 info: [0mGET /bitfinex-api/v2/platform/status [0m-[0m - ms - -[0m
2023-07-07 17:25:34 info: [0mGET /bitfinex-api/v2/platform/status [32m200[0m 750.132 ms - 3[0m
2023-07-07 17:44:12 info: [0mGET /bitfinex-api/v2/tickers?symbols=ALL [32m200[0m 1292.809 ms - -[0m
2023-07-07 17:44:13 info: [0mGET /bitfinex-api/v2/platform/status [32m200[0m 1997.726 ms - 3[0m
2023-07-07 17:57:25 info: [0mGET /bitfinex-api/v2/platform/status [32m200[0m 826.047 ms - 3[0m
2023-07-07 17:57:25 info: [0mGET /bitfinex-api/v2/tickers?symbols=ALL [32m200[0m 837.083 ms - -[0m
2023-07-07 18:01:09 info: [0mGET /bitfinex-api/v2/platform/status [32m200[0m 682.057 ms - 3[0m
2023-07-07 18:05:49 info: [0mGET /bitfinex-api/v2/tickers?symbols=ALL [32m200[0m 891.702 ms - -[0m
2023-07-07 18:14:19 info: [0mGET /bitfinex-api/v2/platform/status [32m200[0m 670.837 ms - 3[0m
2023-07-07 18:18:28 info: [0mGET /bitfinex-api/v2/tickers?symbols=ALL [32m200[0m 734.485 ms - -[0m
2023-07-07 18:20:47 info: [0mGET /bitfinex-api/v2/platform/status [32m200[0m 901.450 ms - 3[0m
2023-07-07 18:21:31 info: [0mGET /bitfinex-api/v2/platform/status [32m200[0m 798.036 ms - 3[0m
2023-07-07 18:24:26 info: [0mGET /bitfinex-api/v2/platform/status [32m200[0m 844.938 ms - 3[0m
2023-07-07 18:25:01 info: [0mGET /bitfinex-api/v2/platform/status [32m200[0m 691.879 ms - 3[0m
2023-07-07 18:31:17 info: [0mGET /bitfinex-api/v2/platform/status [32m200[0m 886.942 ms - 3[0m
2023-07-07 18:37:26 info: [0mGET /bitfinex-api/v2/platform/status [32m200[0m 667.735 ms - 3[0m
2023-07-07 18:38:51 info: [0mGET /bitfinex-api/v2/platform/status [32m200[0m 663.586 ms - 3[0m
2023-07-07 18:47:00 info: [0mGET /bitfinex-api/v2/platform/status [32m200[0m 3872.913 ms - 3[0m
2023-07-07 18:52:50 info: [0mGET /bitfinex-api/v2/platform/status [32m200[0m 673.371 ms - 3[0m
2023-07-07 18:58:05 info: [0mGET /bitfinex-api/v2/platform/status [32m200[0m 662.944 ms - 3[0m
2023-07-07 19:01:23 info: [0mGET /bitfinex-api/v2/platform/status [32m200[0m 763.546 ms - 3[0m
2023-07-07 19:14:54 info: [0mGET /bitfinex-api/v2/platform/status [32m200[0m 690.254 ms - 3[0m
2023-07-07 19:36:19 info: [0mGET /bitfinex-api/v2/tickers?symbols=ALL [32m200[0m 1171.577 ms - -[0m
2023-07-07 19:39:02 info: [0mGET /bitfinex-api/v2/platform/status [31m504[0m 163742.937 ms - -[0m
2023-07-07 19:54:28 info: [0mGET /bitfinex-api/v2/tickers?symbols=ALL [32m200[0m 925.706 ms - -[0m
2023-07-07 19:54:31 info: [0mGET /bitfinex-api/v2/tickers?symbols=ALL [36m304[0m 696.903 ms - -[0m
2023-07-07 19:54:31 info: [0mGET /bitfinex-api/v2/platform/status [32m200[0m 718.854 ms - 3[0m
